#
# There is insufficient memory for the Java Runtime Environment to continue.
# Native memory allocation (malloc) failed to allocate 874288 bytes for Chunk::new
# Possible reasons:
#   The system is out of physical RAM or swap space
#   In 32 bit mode, the process size limit was hit
# Possible solutions:
#   Reduce memory load on the system
#   Increase physical memory or swap space
#   Check if swap backing store is full
#   Use 64 bit Java on a 64 bit OS
#   Decrease Java heap size (-Xmx/-Xms)
#   Decrease number of Java threads
#   Decrease Java thread stack sizes (-Xss)
#   Set larger code cache with -XX:ReservedCodeCacheSize=
# This output file may be truncated or incomplete.
#
#  Out of Memory Error (allocation.cpp:390), pid=6172, tid=536
#
# JRE version: Java(TM) SE Runtime Environment (8.0_40-b26) (build 1.8.0_40-b26)
# Java VM: Java HotSpot(TM) 64-Bit Server VM (25.40-b25 mixed mode windows-amd64 compressed oops)
# Failed to write core dump. Minidumps are not enabled by default on client versions of Windows
#

---------------  T H R E A D  ---------------

Current thread (0x0000000015349800):  JavaThread "C2 CompilerThread1" daemon [_thread_in_native, id=536, stack(0x0000000016940000,0x0000000016a40000)]

Stack: [0x0000000016940000,0x0000000016a40000]
Native frames: (J=compiled Java code, j=interpreted, Vv=VM code, C=native code)
V  [jvm.dll+0x32b47a]
V  [jvm.dll+0x2797f3]
V  [jvm.dll+0x27a489]
V  [jvm.dll+0x2717a5]
V  [jvm.dll+0xcb9a2]
V  [jvm.dll+0xcbe6c]
V  [jvm.dll+0x4929a7]
V  [jvm.dll+0x45f94a]
V  [jvm.dll+0x46a73b]
V  [jvm.dll+0x46cd52]
V  [jvm.dll+0x4500d2]
V  [jvm.dll+0xa4312]
V  [jvm.dll+0xa4c4f]
V  [jvm.dll+0x241914]
V  [jvm.dll+0x29848a]
C  [msvcr100.dll+0x21d9f]
C  [msvcr100.dll+0x21e3b]
C  [KERNEL32.DLL+0x18102]
C  [ntdll.dll+0x5c5b4]


Current CompileTask:
C2:   8630 1973   !   4       com.android.dx.cf.code.RopperMachine::run (1550 bytes)


---------------  P R O C E S S  ---------------

Java Threads: ( => current thread )
  0x0000000016e78000 JavaThread "pool-2-thread-4" [_thread_blocked, id=8648, stack(0x0000000017540000,0x0000000017640000)]
  0x0000000016e76800 JavaThread "pool-2-thread-3" [_thread_blocked, id=1452, stack(0x0000000017440000,0x0000000017540000)]
  0x0000000016e48000 JavaThread "pool-2-thread-2" [_thread_blocked, id=8768, stack(0x0000000017340000,0x0000000017440000)]
  0x0000000016e46000 JavaThread "pool-3-thread-1" [_thread_blocked, id=5548, stack(0x0000000017240000,0x0000000017340000)]
  0x0000000016e3e800 JavaThread "pool-2-thread-1" [_thread_blocked, id=7844, stack(0x0000000017140000,0x0000000017240000)]
  0x0000000016b4e800 JavaThread "Service Thread" daemon [_thread_blocked, id=8056, stack(0x0000000016f40000,0x0000000017040000)]
  0x000000001534c000 JavaThread "C1 CompilerThread2" daemon [_thread_blocked, id=6968, stack(0x0000000016a40000,0x0000000016b40000)]
=>0x0000000015349800 JavaThread "C2 CompilerThread1" daemon [_thread_in_native, id=536, stack(0x0000000016940000,0x0000000016a40000)]
  0x00000000152ed000 JavaThread "C2 CompilerThread0" daemon [_thread_in_native, id=6216, stack(0x0000000016840000,0x0000000016940000)]
  0x00000000152eb000 JavaThread "Attach Listener" daemon [_thread_blocked, id=7188, stack(0x0000000016740000,0x0000000016840000)]
  0x00000000152e9800 JavaThread "Signal Dispatcher" daemon [_thread_blocked, id=7656, stack(0x0000000016640000,0x0000000016740000)]
  0x0000000002c10800 JavaThread "Finalizer" daemon [_thread_blocked, id=7548, stack(0x0000000016540000,0x0000000016640000)]
  0x0000000002c0d000 JavaThread "Reference Handler" daemon [_thread_blocked, id=7540, stack(0x0000000016440000,0x0000000016540000)]
  0x0000000002a1d800 JavaThread "main" [_thread_blocked, id=10144, stack(0x0000000002890000,0x0000000002990000)]

Other Threads:
  0x00000000152b8000 VMThread [stack: 0x0000000016340000,0x0000000016440000] [id=8]
  0x0000000016b4f800 WatcherThread [stack: 0x0000000017040000,0x0000000017140000] [id=4476]

VM state:not at safepoint (normal execution)

VM Mutex/Monitor currently owned by a thread: None

Heap:
 PSYoungGen      total 71680K, used 68117K [0x00000000eab00000, 0x00000000f3700000, 0x0000000100000000)
  eden space 66560K, 94% used [0x00000000eab00000,0x00000000ee88d3f0,0x00000000eec00000)
  from space 5120K, 99% used [0x00000000eec00000,0x00000000ef0f8010,0x00000000ef100000)
  to   space 5120K, 0% used [0x00000000f3200000,0x00000000f3200000,0x00000000f3700000)
 ParOldGen       total 87552K, used 12693K [0x00000000c0000000, 0x00000000c5580000, 0x00000000eab00000)
  object space 87552K, 14% used [0x00000000c0000000,0x00000000c0c654e0,0x00000000c5580000)
 Metaspace       used 6322K, capacity 7128K, committed 7424K, reserved 1056768K
  class space    used 609K, capacity 656K, committed 768K, reserved 1048576K

Card table byte_map: [0x0000000011fe0000,0x00000000121f0000] byte_map_base: 0x00000000119e0000

Marking Bits: (ParMarkBitMap*) 0x000000005ca94040
 Begin Bits: [0x0000000012750000, 0x0000000013750000)
 End Bits:   [0x0000000013750000, 0x0000000014750000)

Polling page: 0x0000000001220000

CodeCache: size=245760Kb used=9855Kb max_used=9880Kb free=235904Kb
 bounds [0x0000000002c20000, 0x00000000035d0000, 0x0000000011c20000]
 total_blobs=2259 nmethods=1989 adapters=182
 compilation: enabled

Compilation events (10 events):
Event: 8.475 Thread 0x000000001534c000 nmethod 2013 0x00000000035a05d0 code [0x00000000035a0720, 0x00000000035a08d0]
Event: 8.487 Thread 0x000000001534c000 2014       3       com.android.dx.rop.annotation.NameValuePair::<init> (43 bytes)
Event: 8.487 Thread 0x000000001534c000 nmethod 2014 0x00000000035a1b90 code [0x00000000035a1d20, 0x00000000035a20d8]
Event: 8.487 Thread 0x000000001534c000 2015       3       com.android.dx.rop.annotation.Annotation::put (32 bytes)
Event: 8.488 Thread 0x000000001534c000 nmethod 2015 0x00000000035a1290 code [0x00000000035a1440, 0x00000000035a1968]
Event: 8.490 Thread 0x00000000152ed000 2016 %     4       com.android.dx.ssa.SsaConverter::edgeSplitSuccessors @ 12 (98 bytes)
Event: 8.498 Thread 0x000000001534c000 2018       3       java.util.HashMap$TreeNode::find (172 bytes)
Event: 8.499 Thread 0x000000001534c000 nmethod 2018 0x0000000003599490 code [0x0000000003599680, 0x000000000359a198]
Event: 8.499 Thread 0x000000001534c000 2020       3       com.android.dx.dex.code.OddSpacer::<init> (9 bytes)
Event: 8.500 Thread 0x000000001534c000 nmethod 2020 0x00000000035a0190 code [0x00000000035a0300, 0x00000000035a0508]

GC Heap History (6 events):
Event: 3.050 GC heap before
{Heap before GC invocations=1 (full 0):
 PSYoungGen      total 38400K, used 33280K [0x00000000eab00000, 0x00000000ed580000, 0x0000000100000000)
  eden space 33280K, 100% used [0x00000000eab00000,0x00000000ecb80000,0x00000000ecb80000)
  from space 5120K, 0% used [0x00000000ed080000,0x00000000ed080000,0x00000000ed580000)
  to   space 5120K, 0% used [0x00000000ecb80000,0x00000000ecb80000,0x00000000ed080000)
 ParOldGen       total 87552K, used 0K [0x00000000c0000000, 0x00000000c5580000, 0x00000000eab00000)
  object space 87552K, 0% used [0x00000000c0000000,0x00000000c0000000,0x00000000c5580000)
 Metaspace       used 5972K, capacity 6896K, committed 7040K, reserved 1056768K
  class space    used 589K, capacity 616K, committed 640K, reserved 1048576K
Event: 3.114 GC heap after
Heap after GC invocations=1 (full 0):
 PSYoungGen      total 38400K, used 5091K [0x00000000eab00000, 0x00000000ef600000, 0x0000000100000000)
  eden space 33280K, 0% used [0x00000000eab00000,0x00000000eab00000,0x00000000ecb80000)
  from space 5120K, 99% used [0x00000000ecb80000,0x00000000ed078ea8,0x00000000ed080000)
  to   space 5120K, 0% used [0x00000000ef100000,0x00000000ef100000,0x00000000ef600000)
 ParOldGen       total 87552K, used 801K [0x00000000c0000000, 0x00000000c5580000, 0x00000000eab00000)
  object space 87552K, 0% used [0x00000000c0000000,0x00000000c00c84a0,0x00000000c5580000)
 Metaspace       used 5972K, capacity 6896K, committed 7040K, reserved 1056768K
  class space    used 589K, capacity 616K, committed 640K, reserved 1048576K
}
Event: 4.196 GC heap before
{Heap before GC invocations=2 (full 0):
 PSYoungGen      total 38400K, used 38371K [0x00000000eab00000, 0x00000000ef600000, 0x0000000100000000)
  eden space 33280K, 100% used [0x00000000eab00000,0x00000000ecb80000,0x00000000ecb80000)
  from space 5120K, 99% used [0x00000000ecb80000,0x00000000ed078ea8,0x00000000ed080000)
  to   space 5120K, 0% used [0x00000000ef100000,0x00000000ef100000,0x00000000ef600000)
 ParOldGen       total 87552K, used 801K [0x00000000c0000000, 0x00000000c5580000, 0x00000000eab00000)
  object space 87552K, 0% used [0x00000000c0000000,0x00000000c00c84a0,0x00000000c5580000)
 Metaspace       used 6121K, capacity 7024K, committed 7296K, reserved 1056768K
  class space    used 589K, capacity 616K, committed 640K, reserved 1048576K
Event: 4.236 GC heap after
Heap after GC invocations=2 (full 0):
 PSYoungGen      total 71680K, used 5111K [0x00000000eab00000, 0x00000000ef600000, 0x0000000100000000)
  eden space 66560K, 0% used [0x00000000eab00000,0x00000000eab00000,0x00000000eec00000)
  from space 5120K, 99% used [0x00000000ef100000,0x00000000ef5fdc88,0x00000000ef600000)
  to   space 5120K, 0% used [0x00000000eec00000,0x00000000eec00000,0x00000000ef100000)
 ParOldGen       total 87552K, used 4065K [0x00000000c0000000, 0x00000000c5580000, 0x00000000eab00000)
  object space 87552K, 4% used [0x00000000c0000000,0x00000000c03f8438,0x00000000c5580000)
 Metaspace       used 6121K, capacity 7024K, committed 7296K, reserved 1056768K
  class space    used 589K, capacity 616K, committed 640K, reserved 1048576K
}
Event: 6.877 GC heap before
{Heap before GC invocations=3 (full 0):
 PSYoungGen      total 71680K, used 71671K [0x00000000eab00000, 0x00000000ef600000, 0x0000000100000000)
  eden space 66560K, 100% used [0x00000000eab00000,0x00000000eec00000,0x00000000eec00000)
  from space 5120K, 99% used [0x00000000ef100000,0x00000000ef5fdc88,0x00000000ef600000)
  to   space 5120K, 0% used [0x00000000eec00000,0x00000000eec00000,0x00000000ef100000)
 ParOldGen       total 87552K, used 4065K [0x00000000c0000000, 0x00000000c5580000, 0x00000000eab00000)
  object space 87552K, 4% used [0x00000000c0000000,0x00000000c03f8438,0x00000000c5580000)
 Metaspace       used 6275K, capacity 7128K, committed 7424K, reserved 1056768K
  class space    used 609K, capacity 656K, committed 768K, reserved 1048576K
Event: 7.017 GC heap after
Heap after GC invocations=3 (full 0):
 PSYoungGen      total 71680K, used 5088K [0x00000000eab00000, 0x00000000f3700000, 0x0000000100000000)
  eden space 66560K, 0% used [0x00000000eab00000,0x00000000eab00000,0x00000000eec00000)
  from space 5120K, 99% used [0x00000000eec00000,0x00000000ef0f8010,0x00000000ef100000)
  to   space 5120K, 0% used [0x00000000f3200000,0x00000000f3200000,0x00000000f3700000)
 ParOldGen       total 87552K, used 12693K [0x00000000c0000000, 0x00000000c5580000, 0x00000000eab00000)
  object space 87552K, 14% used [0x00000000c0000000,0x00000000c0c654e0,0x00000000c5580000)
 Metaspace       used 6275K, capacity 7128K, committed 7424K, reserved 1056768K
  class space    used 609K, capacity 656K, committed 768K, reserved 1048576K
}

Deoptimization events (10 events):
Event: 7.023 Thread 0x0000000016e48000 Uncommon trap: reason=class_check action=maybe_recompile pc=0x00000000030930d4 method=java.util.HashMap.putVal(ILjava/lang/Object;Ljava/lang/Object;ZZ)Ljava/lang/Object; @ 203
Event: 7.057 Thread 0x0000000016e48000 Uncommon trap: reason=unstable_if action=reinterpret pc=0x000000000345d7b4 method=com.android.dx.cf.code.Ropper.processBlock(Lcom/android/dx/cf/code/ByteBlock;Lcom/android/dx/cf/code/Frame;[I)V @ 513
Event: 7.057 Thread 0x0000000016e48000 Uncommon trap: reason=unstable_if action=reinterpret pc=0x00000000030222fc method=com.android.dx.util.IntList.binarysearch(I)I @ 105
Event: 7.068 Thread 0x0000000016e48000 Uncommon trap: reason=class_check action=maybe_recompile pc=0x00000000033d2fd0 method=com.android.dx.cf.code.BaseMachine.localArg(Lcom/android/dx/cf/code/Frame;I)V @ 17
Event: 7.068 Thread 0x0000000016e48000 Uncommon trap: reason=unstable_if action=reinterpret pc=0x0000000003280ae4 method=com.android.dx.ssa.SsaBasicBlock.newFromRop(Lcom/android/dx/rop/code/RopMethod;ILcom/android/dx/ssa/SsaMethod;)Lcom/android/dx/ssa/SsaBasicBlock; @ 164
Event: 7.069 Thread 0x0000000016e48000 Uncommon trap: reason=unstable_if action=reinterpret pc=0x0000000003355d68 method=com.android.dx.ssa.SsaMethod.blockIndexToRopLabel(I)I @ 1
Event: 7.282 Thread 0x0000000016e76800 Uncommon trap: reason=bimorphic action=maybe_recompile pc=0x00000000033dc71c method=com.android.dx.cf.code.BytecodeArray.parseInstruction(ILcom/android/dx/cf/code/BytecodeArray$Visitor;)I @ 891
Event: 7.283 Thread 0x0000000016e76800 Uncommon trap: reason=bimorphic action=maybe_recompile pc=0x00000000033dc71c method=com.android.dx.cf.code.BytecodeArray.parseInstruction(ILcom/android/dx/cf/code/BytecodeArray$Visitor;)I @ 891
Event: 7.975 Thread 0x0000000016e78000 Uncommon trap: reason=unstable_if action=reinterpret pc=0x00000000031857cc method=com.android.dx.ssa.MoveParamCombiner$1.visitNonMoveInsn(Lcom/android/dx/ssa/NormalSsaInsn;)V @ 27
Event: 8.488 Thread 0x0000000016e3e800 Uncommon trap: reason=class_check action=maybe_recompile pc=0x00000000033d2fd0 method=com.android.dx.cf.code.BaseMachine.localArg(Lcom/android/dx/cf/code/Frame;I)V @ 17

Internal exceptions (8 events):
Event: 0.229 Thread 0x0000000002a1d800 Exception <a 'java/lang/NoSuchMethodError': Method sun.misc.Unsafe.defineClass(Ljava/lang/String;[BII)Ljava/lang/Class; name or signature does not match> (0x00000000eab0d7c0) thrown at [D:\re\workspace\8-2-build-windows-amd64-cygwin\jdk8u40\3098\hotspot\srŒÖÀw'FÕ?
Event: 0.229 Thread 0x0000000002a1d800 Exception <a 'java/lang/NoSuchMethodError': Method sun.misc.Unsafe.prefetchRead(Ljava/lang/Object;J)V name or signature does not match> (0x00000000eab0da50) thrown at [D:\re\workspace\8-2-build-windows-amd64-cygwin\jdk8u40\3098\hotspot\src\share\vm\prims\jVØwvè@
Event: 2.445 Thread 0x0000000016e48000 Implicit null exception at 0x000000000304c40c to 0x000000000304d511
Event: 4.004 Thread 0x0000000016e78000 Implicit null exception at 0x000000000327c0b4 to 0x000000000327c419
Event: 4.025 Thread 0x0000000016e78000 Implicit null exception at 0x0000000002f804e2 to 0x0000000002f805d5
Event: 4.907 Thread 0x0000000016e78000 Exception <a 'java/lang/ArrayIndexOutOfBoundsException': 18> (0x00000000eb3642b8) thrown at [D:\re\workspace\8-2-build-windows-amd64-cygwin\jdk8u40\3098\hotspot\src\share\vm\interpreter\interpreterRuntime.cpp, line 366]
Event: 4.907 Thread 0x0000000016e78000 Exception <a 'java/lang/ArrayIndexOutOfBoundsException'> (0x00000000eb365d88) thrown at [D:\re\workspace\8-2-build-windows-amd64-cygwin\jdk8u40\3098\hotspot\src\share\vm\runtime\sharedRuntime.cpp, line 605]
Event: 4.908 Thread 0x0000000016e78000 Exception <a 'java/lang/ArrayIndexOutOfBoundsException'> (0x00000000eb366fc0) thrown at [D:\re\workspace\8-2-build-windows-amd64-cygwin\jdk8u40\3098\hotspot\src\share\vm\runtime\sharedRuntime.cpp, line 605]

Events (10 events):
Event: 7.913 Thread 0x0000000016e48000 DEOPT PACKING pc=0x00000000030d6e43 sp=0x000000001743e580
Event: 7.913 Thread 0x0000000016e48000 DEOPT UNPACKING pc=0x0000000002c6787f sp=0x000000001743e310 mode 0
Event: 7.935 Thread 0x0000000016e78000 DEOPT PACKING pc=0x00000000034355ff sp=0x000000001763ece0
Event: 7.935 Thread 0x0000000016e78000 DEOPT UNPACKING pc=0x0000000002c6787f sp=0x000000001763ead8 mode 0
Event: 7.975 Thread 0x0000000016e78000 Uncommon trap: trap_request=0xffffff65 fr.pc=0x00000000031857cc
Event: 7.975 Thread 0x0000000016e78000 DEOPT PACKING pc=0x00000000031857cc sp=0x000000001763e780
Event: 7.975 Thread 0x0000000016e78000 DEOPT UNPACKING pc=0x0000000002c6582a sp=0x000000001763e6d8 mode 2
Event: 8.488 Thread 0x0000000016e3e800 Uncommon trap: trap_request=0xffffffde fr.pc=0x00000000033d2fd0
Event: 8.488 Thread 0x0000000016e3e800 DEOPT PACKING pc=0x00000000033d2fd0 sp=0x000000001723e800
Event: 8.488 Thread 0x0000000016e3e800 DEOPT UNPACKING pc=0x0000000002c6582a sp=0x000000001723e738 mode 2


Dynamic libraries:
0x00007ff70dda0000 - 0x00007ff70ddd7000 	C:\Program Files\Java\jdk1.8.0_40\bin\java.exe
0x00007ffefb900000 - 0x00007ffefbac1000 	C:\WINDOWS\SYSTEM32\ntdll.dll
0x00007ffef9a60000 - 0x00007ffef9b0d000 	C:\WINDOWS\system32\KERNEL32.DLL
0x00007ffef8090000 - 0x00007ffef8278000 	C:\WINDOWS\system32\KERNELBASE.dll
0x00007ffef8e80000 - 0x00007ffef8f27000 	C:\WINDOWS\system32\ADVAPI32.dll
0x00007ffef8d10000 - 0x00007ffef8dad000 	C:\WINDOWS\system32\msvcrt.dll
0x00007ffefb6a0000 - 0x00007ffefb6fb000 	C:\WINDOWS\system32\sechost.dll
0x00007ffef9d10000 - 0x00007ffef9e2c000 	C:\WINDOWS\system32\RPCRT4.dll
0x00007ffefb700000 - 0x00007ffefb856000 	C:\WINDOWS\system32\USER32.dll
0x00007ffef8f30000 - 0x00007ffef90b6000 	C:\WINDOWS\system32\GDI32.dll
0x00007ffee94f0000 - 0x00007ffee9764000 	C:\WINDOWS\WinSxS\amd64_microsoft.windows.common-controls_6595b64144ccf1df_6.0.10586.672_none_a2d6b3cea53ff843\COMCTL32.dll
0x00007ffef9e30000 - 0x00007ffefa0ad000 	C:\WINDOWS\system32\combase.dll
0x00007ffef8280000 - 0x00007ffef82ea000 	C:\WINDOWS\system32\bcryptPrimitives.dll
0x00007ffefb860000 - 0x00007ffefb89b000 	C:\WINDOWS\system32\IMM32.DLL
0x000000005cb20000 - 0x000000005cbf2000 	C:\Program Files\Java\jdk1.8.0_40\jre\bin\msvcr100.dll
0x000000005c290000 - 0x000000005cb13000 	C:\Program Files\Java\jdk1.8.0_40\jre\bin\server\jvm.dll
0x00007ffef8d00000 - 0x00007ffef8d08000 	C:\WINDOWS\system32\PSAPI.DLL
0x00007ffee5630000 - 0x00007ffee5639000 	C:\WINDOWS\SYSTEM32\WSOCK32.dll
0x00007ffef9ca0000 - 0x00007ffef9d0b000 	C:\WINDOWS\system32\WS2_32.dll
0x00007ffef6650000 - 0x00007ffef6673000 	C:\WINDOWS\SYSTEM32\WINMM.dll
0x00007ffee8b70000 - 0x00007ffee8b7a000 	C:\WINDOWS\SYSTEM32\VERSION.dll
0x00007ffef65f0000 - 0x00007ffef661c000 	C:\WINDOWS\SYSTEM32\WINMMBASE.dll
0x00007ffef8c50000 - 0x00007ffef8c93000 	C:\WINDOWS\system32\cfgmgr32.dll
0x000000005c280000 - 0x000000005c28f000 	C:\Program Files\Java\jdk1.8.0_40\jre\bin\verify.dll
0x000000005c250000 - 0x000000005c279000 	C:\Program Files\Java\jdk1.8.0_40\jre\bin\java.dll
0x000000005c230000 - 0x000000005c246000 	C:\Program Files\Java\jdk1.8.0_40\jre\bin\zip.dll
0x00007ffefa140000 - 0x00007ffefb69c000 	C:\WINDOWS\system32\SHELL32.dll
0x00007ffef82f0000 - 0x00007ffef8935000 	C:\WINDOWS\system32\windows.storage.dll
0x00007ffefb8a0000 - 0x00007ffefb8f2000 	C:\WINDOWS\system32\shlwapi.dll
0x00007ffef7f70000 - 0x00007ffef7f7f000 	C:\WINDOWS\system32\kernel.appcore.dll
0x00007ffef7fb0000 - 0x00007ffef8065000 	C:\WINDOWS\system32\shcore.dll
0x00007ffef7f20000 - 0x00007ffef7f6b000 	C:\WINDOWS\system32\powrprof.dll
0x00007ffef7f80000 - 0x00007ffef7f94000 	C:\WINDOWS\system32\profapi.dll
0x00007ffed9240000 - 0x00007ffed93cc000 	C:\WINDOWS\SYSTEM32\dbghelp.dll

VM Arguments:
jvm_args: -Djava.awt.headless=true -Xmx1024M -Dfile.encoding=windows-1252 -Duser.country=DE -Duser.language=de -Duser.variant 
java_command: com.android.dx.command.Main --dex --force-jumbo --num-threads=4 --multi-dex --output C:\Users\daniel\AndroidStudioProjects\KeyExchangeApp\app\build\intermediates\transforms\dex\debug\folders\1000\10\core-3.2.1_101747d42bcca08754b02067aae64a45e7d2828d C:\Users\daniel\.gradle\caches\modules-2\files-2.1\com.google.zxing\core\3.2.1\2287494d4f5f9f3a9a2bb6980e3f32053721b315\core-3.2.1.jar
java_class_path (initial): C:\Users\daniel\AppData\Local\Android\sdk\build-tools\24.0.0\lib\dx.jar
Launcher Type: SUN_STANDARD

Environment Variables:
JAVA_HOME=C:\Program Files\Java\jdk1.8.0_91
PATH=C:\Program Files\Python35\Scripts\;C:\Program Files\Python35\;C:\ProgramData\Oracle\Java\javapath;C:\Program Files (x86)\Intel\iCLS Client\;C:\Program Files\Intel\iCLS Client\;C:\WINDOWS\system32;C:\WINDOWS;C:\WINDOWS\System32\Wbem;C:\WINDOWS\System32\WindowsPowerShell\v1.0\;C:\Program Files\Intel\Intel(R) Management Engine Components\DAL;C:\Program Files (x86)\Intel\Intel(R) Management Engine Components\DAL;C:\Program Files\Intel\Intel(R) Management Engine Components\IPT;C:\Program Files (x86)\Intel\Intel(R) Management Engine Components\IPT;C:\Program Files (x86)\ATI Technologies\ATI.ACE\Core-Static;C:\Program Files\Microsoft SQL Server\110\Tools\Binn\;C:\Program Files (x86)\Windows Kits\8.1\Windows Performance Toolkit\;C:\Program Files (x86)\Microsoft SDKs\TypeScript\1.0\;C:\Program Files (x86)\AMD\ATI.ACE\Core-Static;C:\Program Files\Intel\WiFi\bin\;C:\Program Files\Common Files\Intel\WirelessCommon\;C:\Program Files\Intel\WiFi\bin\;C:\Program Files\Common Files\Intel\WirelessCommon\
USERNAME=daniel
OS=Windows_NT
PROCESSOR_IDENTIFIER=Intel64 Family 6 Model 61 Stepping 4, GenuineIntel



---------------  S Y S T E M  ---------------

OS: Windows 10.0 , 64 bit Build 10586 (10.0.10586.589)

CPU:total 4 (2 cores per cpu, 2 threads per core) family 6 model 61 stepping 4, cmov, cx8, fxsr, mmx, sse, sse2, sse3, ssse3, sse4.1, sse4.2, popcnt, avx, avx2, aes, clmul, erms, rtm, 3dnowpref, lzcnt, ht, tsc, tscinvbit, bmi1, bmi2, adx

Memory: 4k page, physical 8260716k(463584k free), swap 12214520k(10292k free)

vm_info: Java HotSpot(TM) 64-Bit Server VM (25.40-b25) for windows-amd64 JRE (1.8.0_40-b26), built on Mar  7 2015 13:51:59 by "java_re" with MS VC++ 10.0 (VS2010)

time: Sat Dec 10 17:07:43 2016
elapsed time: 8 seconds (0d 0h 0m 8s)

