#
# There is insufficient memory for the Java Runtime Environment to continue.
# Native memory allocation (malloc) failed to allocate 638096 bytes for Chunk::new
# Possible reasons:
#   The system is out of physical RAM or swap space
#   In 32 bit mode, the process size limit was hit
# Possible solutions:
#   Reduce memory load on the system
#   Increase physical memory or swap space
#   Check if swap backing store is full
#   Use 64 bit Java on a 64 bit OS
#   Decrease Java heap size (-Xmx/-Xms)
#   Decrease number of Java threads
#   Decrease Java thread stack sizes (-Xss)
#   Set larger code cache with -XX:ReservedCodeCacheSize=
# This output file may be truncated or incomplete.
#
#  Out of Memory Error (allocation.cpp:390), pid=2168, tid=5348
#
# JRE version: Java(TM) SE Runtime Environment (8.0_40-b26) (build 1.8.0_40-b26)
# Java VM: Java HotSpot(TM) 64-Bit Server VM (25.40-b25 mixed mode windows-amd64 compressed oops)
# Failed to write core dump. Minidumps are not enabled by default on client versions of Windows
#

---------------  T H R E A D  ---------------

Current thread (0x0000000015950000):  JavaThread "C2 CompilerThread1" daemon [_thread_in_native, id=5348, stack(0x0000000016fb0000,0x00000000170b0000)]

Stack: [0x0000000016fb0000,0x00000000170b0000]
Native frames: (J=compiled Java code, j=interpreted, Vv=VM code, C=native code)
V  [jvm.dll+0x32b47a]
V  [jvm.dll+0x2797f3]
V  [jvm.dll+0x27a489]
V  [jvm.dll+0x2717a5]
V  [jvm.dll+0xcb9a2]
V  [jvm.dll+0xcbe6c]
V  [jvm.dll+0x49294c]
V  [jvm.dll+0x45f639]
V  [jvm.dll+0x46a73b]
V  [jvm.dll+0x46cd52]
V  [jvm.dll+0x4500d2]
V  [jvm.dll+0xa4312]
V  [jvm.dll+0xa4c4f]
V  [jvm.dll+0x241914]
V  [jvm.dll+0x29848a]
C  [msvcr100.dll+0x21d9f]
C  [msvcr100.dll+0x21e3b]
C  [KERNEL32.DLL+0x18102]
C  [ntdll.dll+0x5c5b4]


Current CompileTask:
C2:   9812 2269       4       com.android.dx.dex.code.OutputFinisher::addConstants (93 bytes)


---------------  P R O C E S S  ---------------

Java Threads: ( => current thread )
  0x000000001751e000 JavaThread "pool-1-thread-1" [_thread_in_Java, id=10576, stack(0x0000000019480000,0x0000000019580000)]
  0x00000000159ad800 JavaThread "Service Thread" daemon [_thread_blocked, id=8296, stack(0x00000000175b0000,0x00000000176b0000)]
  0x00000000159a9000 JavaThread "C1 CompilerThread2" daemon [_thread_blocked, id=10036, stack(0x00000000170b0000,0x00000000171b0000)]
=>0x0000000015950000 JavaThread "C2 CompilerThread1" daemon [_thread_in_native, id=5348, stack(0x0000000016fb0000,0x00000000170b0000)]
  0x000000001594d000 JavaThread "C2 CompilerThread0" daemon [_thread_in_native, id=8716, stack(0x0000000016eb0000,0x0000000016fb0000)]
  0x000000001594b000 JavaThread "Attach Listener" daemon [_thread_blocked, id=1796, stack(0x0000000016db0000,0x0000000016eb0000)]
  0x000000001594a000 JavaThread "Signal Dispatcher" daemon [_thread_blocked, id=9436, stack(0x0000000016cb0000,0x0000000016db0000)]
  0x0000000003270800 JavaThread "Finalizer" daemon [_thread_blocked, id=9052, stack(0x0000000016bb0000,0x0000000016cb0000)]
  0x000000000326d800 JavaThread "Reference Handler" daemon [_thread_blocked, id=4384, stack(0x0000000016ab0000,0x0000000016bb0000)]
  0x000000000317d800 JavaThread "main" [_thread_blocked, id=9508, stack(0x0000000002e20000,0x0000000002f20000)]

Other Threads:
  0x0000000015918800 VMThread [stack: 0x00000000169b0000,0x0000000016ab0000] [id=8656]
  0x00000000171b0800 WatcherThread [stack: 0x00000000176b0000,0x00000000177b0000] [id=6916]

VM state:not at safepoint (normal execution)

VM Mutex/Monitor currently owned by a thread: None

Heap:
 PSYoungGen      total 284160K, used 64741K [0x00000000eab00000, 0x00000000ff800000, 0x0000000100000000)
  eden space 253440K, 13% used [0x00000000eab00000,0x00000000ecc3ef40,0x00000000fa280000)
  from space 30720K, 99% used [0x00000000fc900000,0x00000000fe6fa740,0x00000000fe700000)
  to   space 39424K, 0% used [0x00000000fa280000,0x00000000fa280000,0x00000000fc900000)
 ParOldGen       total 87552K, used 48797K [0x00000000c0000000, 0x00000000c5580000, 0x00000000eab00000)
  object space 87552K, 55% used [0x00000000c0000000,0x00000000c2fa7570,0x00000000c5580000)
 Metaspace       used 6562K, capacity 7320K, committed 7680K, reserved 1056768K
  class space    used 620K, capacity 656K, committed 768K, reserved 1048576K

Card table byte_map: [0x0000000012640000,0x0000000012850000] byte_map_base: 0x0000000012040000

Marking Bits: (ParMarkBitMap*) 0x000000005ca94040
 Begin Bits: [0x0000000012db0000, 0x0000000013db0000)
 End Bits:   [0x0000000013db0000, 0x0000000014db0000)

Polling page: 0x0000000001690000

CodeCache: size=245760Kb used=9893Kb max_used=9909Kb free=235866Kb
 bounds [0x0000000003280000, 0x0000000003c40000, 0x0000000012280000]
 total_blobs=2505 nmethods=2235 adapters=182
 compilation: enabled

Compilation events (10 events):
Event: 9.572 Thread 0x00000000159a9000 2260       3       com.android.dx.dex.code.OutputFinisher::addConstants (93 bytes)
Event: 9.573 Thread 0x00000000159a9000 nmethod 2260 0x0000000003c1f610 code [0x0000000003c1f860, 0x0000000003c209f8]
Event: 9.573 Thread 0x00000000159a9000 2261       3       com.android.dx.dex.code.OutputFinisher::addConstants (68 bytes)
Event: 9.574 Thread 0x00000000159a9000 nmethod 2261 0x0000000003c1d490 code [0x0000000003c1d720, 0x0000000003c1ea58]
Event: 9.575 Thread 0x00000000159a9000 2262       3       java.util.HashMap::putVal (300 bytes)
Event: 9.576 Thread 0x00000000159a9000 nmethod 2262 0x0000000003c1b890 code [0x0000000003c1bb00, 0x0000000003c1cdb8]
Event: 9.576 Thread 0x00000000159a9000 2263       3       com.android.dx.rop.cst.CstMemberRef::hashCode (19 bytes)
Event: 9.577 Thread 0x00000000159a9000 nmethod 2263 0x0000000003c1ab10 code [0x0000000003c1acc0, 0x0000000003c1b4e8]
Event: 9.591 Thread 0x0000000015950000 nmethod 2147 0x0000000003c33910 code [0x0000000003c33ba0, 0x0000000003c34df8]
Event: 9.591 Thread 0x0000000015950000 2269       4       com.android.dx.dex.code.OutputFinisher::addConstants (93 bytes)

GC Heap History (10 events):
Event: 3.636 GC heap before
{Heap before GC invocations=4 (full 0):
 PSYoungGen      total 38400K, used 38392K [0x00000000eab00000, 0x00000000ef600000, 0x0000000100000000)
  eden space 33280K, 100% used [0x00000000eab00000,0x00000000ecb80000,0x00000000ecb80000)
  from space 5120K, 99% used [0x00000000ecb80000,0x00000000ed07e2a8,0x00000000ed080000)
  to   space 5120K, 0% used [0x00000000ef100000,0x00000000ef100000,0x00000000ef600000)
 ParOldGen       total 87552K, used 8741K [0x00000000c0000000, 0x00000000c5580000, 0x00000000eab00000)
  object space 87552K, 9% used [0x00000000c0000000,0x00000000c0889740,0x00000000c5580000)
 Metaspace       used 6211K, capacity 7152K, committed 7296K, reserved 1056768K
  class space    used 594K, capacity 616K, committed 640K, reserved 1048576K
Event: 3.673 GC heap after
Heap after GC invocations=4 (full 0):
 PSYoungGen      total 71680K, used 5112K [0x00000000eab00000, 0x00000000ef600000, 0x0000000100000000)
  eden space 66560K, 0% used [0x00000000eab00000,0x00000000eab00000,0x00000000eec00000)
  from space 5120K, 99% used [0x00000000ef100000,0x00000000ef5fe2a8,0x00000000ef600000)
  to   space 5120K, 0% used [0x00000000eec00000,0x00000000eec00000,0x00000000ef100000)
 ParOldGen       total 87552K, used 14131K [0x00000000c0000000, 0x00000000c5580000, 0x00000000eab00000)
  object space 87552K, 16% used [0x00000000c0000000,0x00000000c0dccd70,0x00000000c5580000)
 Metaspace       used 6211K, capacity 7152K, committed 7296K, reserved 1056768K
  class space    used 594K, capacity 616K, committed 640K, reserved 1048576K
}
Event: 4.029 GC heap before
{Heap before GC invocations=5 (full 0):
 PSYoungGen      total 71680K, used 71672K [0x00000000eab00000, 0x00000000ef600000, 0x0000000100000000)
  eden space 66560K, 100% used [0x00000000eab00000,0x00000000eec00000,0x00000000eec00000)
  from space 5120K, 99% used [0x00000000ef100000,0x00000000ef5fe2a8,0x00000000ef600000)
  to   space 5120K, 0% used [0x00000000eec00000,0x00000000eec00000,0x00000000ef100000)
 ParOldGen       total 87552K, used 14131K [0x00000000c0000000, 0x00000000c5580000, 0x00000000eab00000)
  object space 87552K, 16% used [0x00000000c0000000,0x00000000c0dccd70,0x00000000c5580000)
 Metaspace       used 6271K, capacity 7152K, committed 7296K, reserved 1056768K
  class space    used 594K, capacity 616K, committed 640K, reserved 1048576K
Event: 4.068 GC heap after
Heap after GC invocations=5 (full 0):
 PSYoungGen      total 71680K, used 5090K [0x00000000eab00000, 0x00000000f4f00000, 0x0000000100000000)
  eden space 66560K, 0% used [0x00000000eab00000,0x00000000eab00000,0x00000000eec00000)
  from space 5120K, 99% used [0x00000000eec00000,0x00000000ef0f88d8,0x00000000ef100000)
  to   space 17408K, 0% used [0x00000000f3e00000,0x00000000f3e00000,0x00000000f4f00000)
 ParOldGen       total 87552K, used 24592K [0x00000000c0000000, 0x00000000c5580000, 0x00000000eab00000)
  object space 87552K, 28% used [0x00000000c0000000,0x00000000c18043b8,0x00000000c5580000)
 Metaspace       used 6271K, capacity 7152K, committed 7296K, reserved 1056768K
  class space    used 594K, capacity 616K, committed 640K, reserved 1048576K
}
Event: 4.383 GC heap before
{Heap before GC invocations=6 (full 0):
 PSYoungGen      total 71680K, used 71650K [0x00000000eab00000, 0x00000000f4f00000, 0x0000000100000000)
  eden space 66560K, 100% used [0x00000000eab00000,0x00000000eec00000,0x00000000eec00000)
  from space 5120K, 99% used [0x00000000eec00000,0x00000000ef0f88d8,0x00000000ef100000)
  to   space 17408K, 0% used [0x00000000f3e00000,0x00000000f3e00000,0x00000000f4f00000)
 ParOldGen       total 87552K, used 24592K [0x00000000c0000000, 0x00000000c5580000, 0x00000000eab00000)
  object space 87552K, 28% used [0x00000000c0000000,0x00000000c18043b8,0x00000000c5580000)
 Metaspace       used 6317K, capacity 7216K, committed 7296K, reserved 1056768K
  class space    used 594K, capacity 616K, committed 640K, reserved 1048576K
Event: 4.424 GC heap after
Heap after GC invocations=6 (full 0):
 PSYoungGen      total 148480K, used 16130K [0x00000000eab00000, 0x00000000f5300000, 0x0000000100000000)
  eden space 131072K, 0% used [0x00000000eab00000,0x00000000eab00000,0x00000000f2b00000)
  from space 17408K, 92% used [0x00000000f3e00000,0x00000000f4dc08f8,0x00000000f4f00000)
  to   space 19456K, 0% used [0x00000000f2b00000,0x00000000f2b00000,0x00000000f3e00000)
 ParOldGen       total 87552K, used 24600K [0x00000000c0000000, 0x00000000c5580000, 0x00000000eab00000)
  object space 87552K, 28% used [0x00000000c0000000,0x00000000c18063b8,0x00000000c5580000)
 Metaspace       used 6317K, capacity 7216K, committed 7296K, reserved 1056768K
  class space    used 594K, capacity 616K, committed 640K, reserved 1048576K
}
Event: 5.299 GC heap before
{Heap before GC invocations=7 (full 0):
 PSYoungGen      total 148480K, used 147202K [0x00000000eab00000, 0x00000000f5300000, 0x0000000100000000)
  eden space 131072K, 100% used [0x00000000eab00000,0x00000000f2b00000,0x00000000f2b00000)
  from space 17408K, 92% used [0x00000000f3e00000,0x00000000f4dc08f8,0x00000000f4f00000)
  to   space 19456K, 0% used [0x00000000f2b00000,0x00000000f2b00000,0x00000000f3e00000)
 ParOldGen       total 87552K, used 24600K [0x00000000c0000000, 0x00000000c5580000, 0x00000000eab00000)
  object space 87552K, 28% used [0x00000000c0000000,0x00000000c18063b8,0x00000000c5580000)
 Metaspace       used 6459K, capacity 7256K, committed 7424K, reserved 1056768K
  class space    used 614K, capacity 656K, committed 768K, reserved 1048576K
Event: 5.455 GC heap after
Heap after GC invocations=7 (full 0):
 PSYoungGen      total 150528K, used 19440K [0x00000000eab00000, 0x00000000fe700000, 0x0000000100000000)
  eden space 131072K, 0% used [0x00000000eab00000,0x00000000eab00000,0x00000000f2b00000)
  from space 19456K, 99% used [0x00000000f2b00000,0x00000000f3dfc058,0x00000000f3e00000)
  to   space 30720K, 0% used [0x00000000fc900000,0x00000000fc900000,0x00000000fe700000)
 ParOldGen       total 87552K, used 40778K [0x00000000c0000000, 0x00000000c5580000, 0x00000000eab00000)
  object space 87552K, 46% used [0x00000000c0000000,0x00000000c27d2ba8,0x00000000c5580000)
 Metaspace       used 6459K, capacity 7256K, committed 7424K, reserved 1056768K
  class space    used 614K, capacity 656K, committed 768K, reserved 1048576K
}
Event: 6.318 GC heap before
{Heap before GC invocations=8 (full 0):
 PSYoungGen      total 150528K, used 150512K [0x00000000eab00000, 0x00000000fe700000, 0x0000000100000000)
  eden space 131072K, 100% used [0x00000000eab00000,0x00000000f2b00000,0x00000000f2b00000)
  from space 19456K, 99% used [0x00000000f2b00000,0x00000000f3dfc058,0x00000000f3e00000)
  to   space 30720K, 0% used [0x00000000fc900000,0x00000000fc900000,0x00000000fe700000)
 ParOldGen       total 87552K, used 40778K [0x00000000c0000000, 0x00000000c5580000, 0x00000000eab00000)
  object space 87552K, 46% used [0x00000000c0000000,0x00000000c27d2ba8,0x00000000c5580000)
 Metaspace       used 6475K, capacity 7256K, committed 7424K, reserved 1056768K
  class space    used 615K, capacity 656K, committed 768K, reserved 1048576K
Event: 6.468 GC heap after
Heap after GC invocations=8 (full 0):
 PSYoungGen      total 284160K, used 30697K [0x00000000eab00000, 0x00000000ff800000, 0x0000000100000000)
  eden space 253440K, 0% used [0x00000000eab00000,0x00000000eab00000,0x00000000fa280000)
  from space 30720K, 99% used [0x00000000fc900000,0x00000000fe6fa740,0x00000000fe700000)
  to   space 39424K, 0% used [0x00000000fa280000,0x00000000fa280000,0x00000000fc900000)
 ParOldGen       total 87552K, used 48797K [0x00000000c0000000, 0x00000000c5580000, 0x00000000eab00000)
  object space 87552K, 55% used [0x00000000c0000000,0x00000000c2fa7570,0x00000000c5580000)
 Metaspace       used 6475K, capacity 7256K, committed 7424K, reserved 1056768K
  class space    used 615K, capacity 656K, committed 768K, reserved 1048576K
}

Deoptimization events (10 events):
Event: 5.768 Thread 0x0000000017517800 Uncommon trap: reason=bimorphic action=maybe_recompile pc=0x0000000003ac7250 method=com.android.dx.cf.code.BytecodeArray.parseInstruction(ILcom/android/dx/cf/code/BytecodeArray$Visitor;)I @ 1035
Event: 6.496 Thread 0x000000001751e000 Uncommon trap: reason=bimorphic action=maybe_recompile pc=0x0000000003b3e78c method=com.android.dx.cf.code.BytecodeArray.parseInstruction(ILcom/android/dx/cf/code/BytecodeArray$Visitor;)I @ 1287
Event: 6.496 Thread 0x000000001751e000 Uncommon trap: reason=bimorphic action=maybe_recompile pc=0x0000000003b3e78c method=com.android.dx.cf.code.BytecodeArray.parseInstruction(ILcom/android/dx/cf/code/BytecodeArray$Visitor;)I @ 1287
Event: 7.088 Thread 0x000000001751e000 Uncommon trap: reason=class_check action=maybe_recompile pc=0x00000000037d4208 method=java.util.Arrays.hashCode([Ljava/lang/Object;)I @ 43
Event: 7.088 Thread 0x000000001751e000 Uncommon trap: reason=class_check action=maybe_recompile pc=0x00000000037d4208 method=java.util.Arrays.hashCode([Ljava/lang/Object;)I @ 43
Event: 7.098 Thread 0x000000001751e000 Uncommon trap: reason=class_check action=maybe_recompile pc=0x00000000037d4208 method=java.util.Arrays.hashCode([Ljava/lang/Object;)I @ 43
Event: 7.098 Thread 0x000000001751e000 Uncommon trap: reason=class_check action=maybe_recompile pc=0x00000000037d4208 method=java.util.Arrays.hashCode([Ljava/lang/Object;)I @ 43
Event: 7.098 Thread 0x000000001751e000 Uncommon trap: reason=class_check action=maybe_recompile pc=0x000000000379a4a8 method=java.util.Arrays.hashCode([Ljava/lang/Object;)I @ 43
Event: 8.405 Thread 0x000000001751e000 Uncommon trap: reason=unstable_if action=reinterpret pc=0x0000000003bc4950 method=java.util.HashMap.putVal(ILjava/lang/Object;Ljava/lang/Object;ZZ)Ljava/lang/Object; @ 206
Event: 9.572 Thread 0x000000001751e000 Uncommon trap: reason=unstable_if action=reinterpret pc=0x0000000003c025a0 method=java.util.HashMap.putVal(ILjava/lang/Object;Ljava/lang/Object;ZZ)Ljava/lang/Object; @ 94

Internal exceptions (6 events):
Event: 0.131 Thread 0x000000000317d800 Exception <a 'java/lang/NoSuchMethodError': Method sun.misc.Unsafe.defineClass(Ljava/lang/String;[BII)Ljava/lang/Class; name or signature does not match> (0x00000000eab0d808) thrown at [D:\re\workspace\8-2-build-windows-amd64-cygwin\jdk8u40\3098\hotspot\sr—&!°‘¿?
Event: 0.131 Thread 0x000000000317d800 Exception <a 'java/lang/NoSuchMethodError': Method sun.misc.Unsafe.prefetchRead(Ljava/lang/Object;J)V name or signature does not match> (0x00000000eab0da98) thrown at [D:\re\workspace\8-2-build-windows-amd64-cygwin\jdk8u40\3098\hotspot\src\share\vm\prims\jiä;=B∑
@
Event: 3.339 Thread 0x0000000017516800 Implicit null exception at 0x0000000003611fd7 to 0x00000000036145a9
Event: 4.494 Thread 0x0000000017516800 Exception <a 'java/lang/ArrayIndexOutOfBoundsException': 18> (0x00000000ebbc7310) thrown at [D:\re\workspace\8-2-build-windows-amd64-cygwin\jdk8u40\3098\hotspot\src\share\vm\interpreter\interpreterRuntime.cpp, line 366]
Event: 4.494 Thread 0x0000000017516800 Exception <a 'java/lang/ArrayIndexOutOfBoundsException': 145> (0x00000000ebbc8de0) thrown at [D:\re\workspace\8-2-build-windows-amd64-cygwin\jdk8u40\3098\hotspot\src\share\vm\interpreter\interpreterRuntime.cpp, line 366]
Event: 4.496 Thread 0x0000000017516800 Exception <a 'java/lang/ArrayIndexOutOfBoundsException': 40> (0x00000000ebbca018) thrown at [D:\re\workspace\8-2-build-windows-amd64-cygwin\jdk8u40\3098\hotspot\src\share\vm\interpreter\interpreterRuntime.cpp, line 366]

Events (10 events):
Event: 7.510 Thread 0x000000001751e000 DEOPT PACKING pc=0x0000000003b74a04 sp=0x000000001957ebd0
Event: 7.510 Thread 0x000000001751e000 DEOPT UNPACKING pc=0x00000000032c787f sp=0x000000001957e920 mode 0
Event: 8.405 Thread 0x000000001751e000 Uncommon trap: trap_request=0xffffff65 fr.pc=0x0000000003bc4950
Event: 8.405 Thread 0x000000001751e000 DEOPT PACKING pc=0x0000000003bc4950 sp=0x000000001957eb20
Event: 8.405 Thread 0x000000001751e000 DEOPT UNPACKING pc=0x00000000032c582a sp=0x000000001957e8f0 mode 2
Event: 8.418 Thread 0x000000001751e000 DEOPT PACKING pc=0x0000000003ba5208 sp=0x000000001957ec60
Event: 8.418 Thread 0x000000001751e000 DEOPT UNPACKING pc=0x00000000032c787f sp=0x000000001957e9e0 mode 0
Event: 9.572 Thread 0x000000001751e000 Uncommon trap: trap_request=0xffffff65 fr.pc=0x0000000003c025a0
Event: 9.572 Thread 0x000000001751e000 DEOPT PACKING pc=0x0000000003c025a0 sp=0x000000001957eb20
Event: 9.572 Thread 0x000000001751e000 DEOPT UNPACKING pc=0x00000000032c582a sp=0x000000001957e8f0 mode 2


Dynamic libraries:
0x00007ff70dda0000 - 0x00007ff70ddd7000 	C:\Program Files\Java\jdk1.8.0_40\bin\java.exe
0x00007ffefb900000 - 0x00007ffefbac1000 	C:\WINDOWS\SYSTEM32\ntdll.dll
0x00007ffef9a60000 - 0x00007ffef9b0d000 	C:\WINDOWS\system32\KERNEL32.DLL
0x00007ffef8090000 - 0x00007ffef8278000 	C:\WINDOWS\system32\KERNELBASE.dll
0x00007ffef8e80000 - 0x00007ffef8f27000 	C:\WINDOWS\system32\ADVAPI32.dll
0x00007ffef8d10000 - 0x00007ffef8dad000 	C:\WINDOWS\system32\msvcrt.dll
0x00007ffefb6a0000 - 0x00007ffefb6fb000 	C:\WINDOWS\system32\sechost.dll
0x00007ffef9d10000 - 0x00007ffef9e2c000 	C:\WINDOWS\system32\RPCRT4.dll
0x00007ffefb700000 - 0x00007ffefb856000 	C:\WINDOWS\system32\USER32.dll
0x00007ffef8f30000 - 0x00007ffef90b6000 	C:\WINDOWS\system32\GDI32.dll
0x00007ffee94f0000 - 0x00007ffee9764000 	C:\WINDOWS\WinSxS\amd64_microsoft.windows.common-controls_6595b64144ccf1df_6.0.10586.672_none_a2d6b3cea53ff843\COMCTL32.dll
0x00007ffef9e30000 - 0x00007ffefa0ad000 	C:\WINDOWS\system32\combase.dll
0x00007ffef8280000 - 0x00007ffef82ea000 	C:\WINDOWS\system32\bcryptPrimitives.dll
0x00007ffefb860000 - 0x00007ffefb89b000 	C:\WINDOWS\system32\IMM32.DLL
0x000000005cb20000 - 0x000000005cbf2000 	C:\Program Files\Java\jdk1.8.0_40\jre\bin\msvcr100.dll
0x000000005c290000 - 0x000000005cb13000 	C:\Program Files\Java\jdk1.8.0_40\jre\bin\server\jvm.dll
0x00007ffef8d00000 - 0x00007ffef8d08000 	C:\WINDOWS\system32\PSAPI.DLL
0x00007ffee5630000 - 0x00007ffee5639000 	C:\WINDOWS\SYSTEM32\WSOCK32.dll
0x00007ffef9ca0000 - 0x00007ffef9d0b000 	C:\WINDOWS\system32\WS2_32.dll
0x00007ffef6650000 - 0x00007ffef6673000 	C:\WINDOWS\SYSTEM32\WINMM.dll
0x00007ffee8b70000 - 0x00007ffee8b7a000 	C:\WINDOWS\SYSTEM32\VERSION.dll
0x00007ffef65f0000 - 0x00007ffef661c000 	C:\WINDOWS\SYSTEM32\WINMMBASE.dll
0x00007ffef8c50000 - 0x00007ffef8c93000 	C:\WINDOWS\system32\cfgmgr32.dll
0x000000005c280000 - 0x000000005c28f000 	C:\Program Files\Java\jdk1.8.0_40\jre\bin\verify.dll
0x000000005c250000 - 0x000000005c279000 	C:\Program Files\Java\jdk1.8.0_40\jre\bin\java.dll
0x000000005c230000 - 0x000000005c246000 	C:\Program Files\Java\jdk1.8.0_40\jre\bin\zip.dll
0x00007ffefa140000 - 0x00007ffefb69c000 	C:\WINDOWS\system32\SHELL32.dll
0x00007ffef82f0000 - 0x00007ffef8935000 	C:\WINDOWS\system32\windows.storage.dll
0x00007ffefb8a0000 - 0x00007ffefb8f2000 	C:\WINDOWS\system32\shlwapi.dll
0x00007ffef7f70000 - 0x00007ffef7f7f000 	C:\WINDOWS\system32\kernel.appcore.dll
0x00007ffef7fb0000 - 0x00007ffef8065000 	C:\WINDOWS\system32\shcore.dll
0x00007ffef7f20000 - 0x00007ffef7f6b000 	C:\WINDOWS\system32\powrprof.dll
0x00007ffef7f80000 - 0x00007ffef7f94000 	C:\WINDOWS\system32\profapi.dll
0x00007ffed9240000 - 0x00007ffed93cc000 	C:\WINDOWS\SYSTEM32\dbghelp.dll

VM Arguments:
jvm_args: -Djava.awt.headless=true -Xmx1024M -Dfile.encoding=windows-1252 -Duser.country=DE -Duser.language=de -Duser.variant 
java_command: com.android.dx.command.Main --dex --force-jumbo --num-threads=4 --multi-dex --output C:\Users\daniel\AndroidStudioProjects\KeyExchangeApp\app\build\intermediates\transforms\dex\debug\folders\1000\10\com.android.support-support-v4-24.0.0_3ce0f92b02024aaf2186034c9502a14d757318b1 C:\Users\daniel\AndroidStudioProjects\KeyExchangeApp\app\build\intermediates\exploded-aar\com.android.support\support-v4\24.0.0\jars\classes.jar
java_class_path (initial): C:\Users\daniel\AppData\Local\Android\sdk\build-tools\24.0.0\lib\dx.jar
Launcher Type: SUN_STANDARD

Environment Variables:
JAVA_HOME=C:\Program Files\Java\jdk1.8.0_91
PATH=C:\Program Files\Python35\Scripts\;C:\Program Files\Python35\;C:\ProgramData\Oracle\Java\javapath;C:\Program Files (x86)\Intel\iCLS Client\;C:\Program Files\Intel\iCLS Client\;C:\WINDOWS\system32;C:\WINDOWS;C:\WINDOWS\System32\Wbem;C:\WINDOWS\System32\WindowsPowerShell\v1.0\;C:\Program Files\Intel\Intel(R) Management Engine Components\DAL;C:\Program Files (x86)\Intel\Intel(R) Management Engine Components\DAL;C:\Program Files\Intel\Intel(R) Management Engine Components\IPT;C:\Program Files (x86)\Intel\Intel(R) Management Engine Components\IPT;C:\Program Files (x86)\ATI Technologies\ATI.ACE\Core-Static;C:\Program Files\Microsoft SQL Server\110\Tools\Binn\;C:\Program Files (x86)\Windows Kits\8.1\Windows Performance Toolkit\;C:\Program Files (x86)\Microsoft SDKs\TypeScript\1.0\;C:\Program Files (x86)\AMD\ATI.ACE\Core-Static;C:\Program Files\Intel\WiFi\bin\;C:\Program Files\Common Files\Intel\WirelessCommon\;C:\Program Files\Intel\WiFi\bin\;C:\Program Files\Common Files\Intel\WirelessCommon\
USERNAME=daniel
OS=Windows_NT
PROCESSOR_IDENTIFIER=Intel64 Family 6 Model 61 Stepping 4, GenuineIntel



---------------  S Y S T E M  ---------------

OS: Windows 10.0 , 64 bit Build 10586 (10.0.10586.589)

CPU:total 4 (2 cores per cpu, 2 threads per core) family 6 model 61 stepping 4, cmov, cx8, fxsr, mmx, sse, sse2, sse3, ssse3, sse4.1, sse4.2, popcnt, avx, avx2, aes, clmul, erms, rtm, 3dnowpref, lzcnt, ht, tsc, tscinvbit, bmi1, bmi2, adx

Memory: 4k page, physical 8260716k(628904k free), swap 12222384k(3232k free)

vm_info: Java HotSpot(TM) 64-Bit Server VM (25.40-b25) for windows-amd64 JRE (1.8.0_40-b26), built on Mar  7 2015 13:51:59 by "java_re" with MS VC++ 10.0 (VS2010)

time: Sat Dec 10 17:18:35 2016
elapsed time: 9 seconds (0d 0h 0m 9s)

